=== latent_phase2_base_walk1_seed1_to8000 start 2026-07-15T17:19:26Z ===
=== latent_phase2_base_walk1_seed1_to8000 complete 2026-07-15T19:26:26Z ===
=== latent_phase2_base_walk1_seed2_to8000 start 2026-07-15T19:26:26Z ===
=== latent_phase2_base_walk1_seed2_to8000 complete 2026-07-15T21:34:13Z ===
=== latent_s3_preview_critic_walk1_seed1_to8000 start 2026-07-15T21:34:13Z ===
=== latent_s3_preview_critic_walk1_seed1_to8000 complete 2026-07-15T23:47:55Z ===
=== latent_s3_preview_critic_walk1_seed2_to8000 start 2026-07-15T23:47:55Z ===
=== latent_s3_preview_critic_walk1_seed2_to8000 complete 2026-07-16T01:51:36Z ===
=== latent_l1_latent_command_walk1_seed1_to8000 start 2026-07-16T01:51:36Z ===
=== latent_l1_latent_command_walk1_seed1_to8000 complete 2026-07-16T03:57:02Z ===
=== latent_l1_latent_command_walk1_seed2_to8000 start 2026-07-16T03:57:02Z ===
=== latent_l1_latent_command_walk1_seed2_to8000 complete 2026-07-16T06:02:41Z ===
=== latent_c3_explicit_preview_critic_walk1_seed0_to8000 start 2026-07-16T06:02:41Z ===
=== latent_c3_explicit_preview_critic_walk1_seed0_to8000 complete 2026-07-16T08:05:25Z ===
=== latent_phase2_base_walk1_seed1_to8000_eval404 start 2026-07-16T08:05:25Z ===
=== latent_phase2_base_walk1_seed1_to8000_eval404 complete 2026-07-16T08:05:49Z ===
=== latent_phase2_base_walk1_seed1_to8000_eval405 start 2026-07-16T08:05:49Z ===
=== latent_phase2_base_walk1_seed1_to8000_eval405 complete 2026-07-16T08:06:12Z ===
=== latent_phase2_base_walk1_seed2_to8000_eval404 start 2026-07-16T08:06:12Z ===
=== latent_phase2_base_walk1_seed2_to8000_eval404 complete 2026-07-16T08:06:37Z ===
=== latent_phase2_base_walk1_seed2_to8000_eval405 start 2026-07-16T08:06:37Z ===
=== latent_phase2_base_walk1_seed2_to8000_eval405 complete 2026-07-16T08:07:00Z ===
=== latent_s3_preview_critic_walk1_seed1_to8000_eval404 start 2026-07-16T08:07:00Z ===
=== latent_s3_preview_critic_walk1_seed1_to8000_eval404 complete 2026-07-16T08:07:25Z ===
=== latent_s3_preview_critic_walk1_seed1_to8000_eval405 start 2026-07-16T08:07:25Z ===
=== latent_s3_preview_critic_walk1_seed1_to8000_eval405 complete 2026-07-16T08:07:49Z ===
=== latent_s3_preview_critic_walk1_seed2_to8000_eval404 start 2026-07-16T08:07:49Z ===
=== latent_s3_preview_critic_walk1_seed2_to8000_eval404 complete 2026-07-16T08:08:13Z ===
=== latent_s3_preview_critic_walk1_seed2_to8000_eval405 start 2026-07-16T08:08:13Z ===
=== latent_s3_preview_critic_walk1_seed2_to8000_eval405 complete 2026-07-16T08:08:37Z ===
=== latent_l1_latent_command_walk1_seed1_to8000_eval404 start 2026-07-16T08:08:37Z ===
=== latent_l1_latent_command_walk1_seed1_to8000_eval404 complete 2026-07-16T08:09:02Z ===
=== latent_l1_latent_command_walk1_seed1_to8000_eval405 start 2026-07-16T08:09:02Z ===
=== latent_l1_latent_command_walk1_seed1_to8000_eval405 complete 2026-07-16T08:09:27Z ===
=== latent_l1_latent_command_walk1_seed2_to8000_eval404 start 2026-07-16T08:09:27Z ===
=== latent_l1_latent_command_walk1_seed2_to8000_eval404 complete 2026-07-16T08:09:52Z ===
=== latent_l1_latent_command_walk1_seed2_to8000_eval405 start 2026-07-16T08:09:52Z ===
=== latent_l1_latent_command_walk1_seed2_to8000_eval405 complete 2026-07-16T08:10:17Z ===
=== latent_c3_explicit_preview_critic_walk1_seed0_to8000_eval404 start 2026-07-16T08:10:17Z ===
=== latent_c3_explicit_preview_critic_walk1_seed0_to8000_eval404 complete 2026-07-16T08:10:41Z ===
=== latent_c3_explicit_preview_critic_walk1_seed0_to8000_eval405 start 2026-07-16T08:10:41Z ===
=== latent_c3_explicit_preview_critic_walk1_seed0_to8000_eval405 complete 2026-07-16T08:11:05Z ===
=== horizon_gmr_walk1_seed0_to8000_eval405 start 2026-07-16T08:11:05Z ===
=== horizon_gmr_walk1_seed0_to8000_eval405 complete 2026-07-16T08:11:29Z ===
=== latent_s3_preview_critic_walk1_seed0_to8000_eval405 start 2026-07-16T08:11:29Z ===
=== latent_s3_preview_critic_walk1_seed0_to8000_eval405 complete 2026-07-16T08:11:54Z ===
=== latent_l1_latent_command_walk1_seed0_to8000_eval405 start 2026-07-16T08:11:54Z ===
=== latent_l1_latent_command_walk1_seed0_to8000_eval405 complete 2026-07-16T08:12:18Z ===
WBT latent phase2 complete: COMPLETE_REPLICATED_L1
