=== reference_confirm_gmr_walk1_seed0_to8000 start 2026-07-21T23:07:23Z ===
=== reference_confirm_gmr_walk1_seed0_to8000 complete 2026-07-22T05:42:05Z ===
=== reference_confirm_gmr_walk1_seed0_to8000_eval404 start 2026-07-22T05:42:05Z ===
=== reference_confirm_gmr_walk1_seed0_to8000_eval404 complete 2026-07-22T05:42:39Z ===
=== reference_confirm_gmr_walk1_seed0_to8000_eval405 start 2026-07-22T05:42:39Z ===
=== reference_confirm_gmr_walk1_seed0_to8000_eval405 complete 2026-07-22T05:43:05Z ===
=== reference_confirm_gmr_walk1_seed1_to8000 start 2026-07-22T05:43:05Z ===
=== reference_confirm_gmr_walk1_seed1_to8000 complete 2026-07-22T07:55:29Z ===
=== reference_confirm_gmr_walk1_seed1_to8000_eval404 start 2026-07-22T07:55:29Z ===
=== reference_confirm_gmr_walk1_seed1_to8000_eval404 complete 2026-07-22T07:55:54Z ===
=== reference_confirm_gmr_walk1_seed1_to8000_eval405 start 2026-07-22T07:55:54Z ===
=== reference_confirm_gmr_walk1_seed1_to8000_eval405 complete 2026-07-22T07:56:18Z ===
=== reference_confirm_gmr_walk1_seed2_to8000 start 2026-07-22T07:56:18Z ===
=== reference_confirm_gmr_walk1_seed2_to8000 complete 2026-07-22T10:00:28Z ===
=== reference_confirm_gmr_walk1_seed2_to8000_eval404 start 2026-07-22T10:00:28Z ===
=== reference_confirm_gmr_walk1_seed2_to8000_eval404 complete 2026-07-22T10:00:52Z ===
=== reference_confirm_gmr_walk1_seed2_to8000_eval405 start 2026-07-22T10:00:52Z ===
=== reference_confirm_gmr_walk1_seed2_to8000_eval405 complete 2026-07-22T10:01:16Z ===
=== reference_confirm_snmr_walk1_seed0_to8000 start 2026-07-22T10:01:16Z ===
=== reference_confirm_snmr_walk1_seed0_to8000 complete 2026-07-22T12:05:52Z ===
=== reference_confirm_snmr_walk1_seed0_to8000_eval404 start 2026-07-22T12:05:52Z ===
=== reference_confirm_snmr_walk1_seed0_to8000_eval404 complete 2026-07-22T12:06:16Z ===
=== reference_confirm_snmr_walk1_seed0_to8000_eval405 start 2026-07-22T12:06:16Z ===
=== reference_confirm_snmr_walk1_seed0_to8000_eval405 complete 2026-07-22T12:06:40Z ===
=== reference_confirm_snmr_walk1_seed1_to8000 start 2026-07-22T12:06:40Z ===
=== reference_confirm_snmr_walk1_seed1_to8000 complete 2026-07-22T14:11:38Z ===
=== reference_confirm_snmr_walk1_seed1_to8000_eval404 start 2026-07-22T14:11:38Z ===
=== reference_confirm_snmr_walk1_seed1_to8000_eval404 complete 2026-07-22T14:12:02Z ===
=== reference_confirm_snmr_walk1_seed1_to8000_eval405 start 2026-07-22T14:12:02Z ===
=== reference_confirm_snmr_walk1_seed1_to8000_eval405 complete 2026-07-22T14:12:26Z ===
=== reference_confirm_snmr_walk1_seed2_to8000 start 2026-07-22T14:12:26Z ===
=== reference_confirm_snmr_walk1_seed2_to8000 complete 2026-07-22T16:17:33Z ===
=== reference_confirm_snmr_walk1_seed2_to8000_eval404 start 2026-07-22T16:17:33Z ===
=== reference_confirm_snmr_walk1_seed2_to8000_eval404 complete 2026-07-22T16:17:57Z ===
=== reference_confirm_snmr_walk1_seed2_to8000_eval405 start 2026-07-22T16:17:57Z ===
=== reference_confirm_snmr_walk1_seed2_to8000_eval405 complete 2026-07-22T16:18:21Z ===
WBT reference confirmatory complete: COMPLETE_NONINFERIORITY_NOT_ESTABLISHED
