=== pilot_gmr_walk1_seed1 start 2026-07-14T12:28:06Z ===
=== pilot_gmr_walk1_seed1 complete 2026-07-14T12:44:23Z ===
=== pilot_snmr_walk1_seed1 start 2026-07-14T12:44:23Z ===
=== pilot_snmr_walk1_seed1 complete 2026-07-14T13:00:45Z ===
=== pilot_gmr_dance2_seed1 start 2026-07-14T13:00:45Z ===
=== pilot_gmr_dance2_seed1 complete 2026-07-14T13:17:15Z ===
=== pilot_snmr_dance2_seed1 start 2026-07-14T13:17:15Z ===
=== pilot_snmr_dance2_seed1 complete 2026-07-14T13:33:43Z ===
=== pilot_gmr_fight1_seed1 start 2026-07-14T13:33:43Z ===
=== pilot_gmr_fight1_seed1 complete 2026-07-14T13:50:05Z ===
=== pilot_snmr_fight1_seed1 start 2026-07-14T13:50:05Z ===
=== pilot_snmr_fight1_seed1 complete 2026-07-14T14:06:29Z ===
=== pilot_gmr_walk1_seed2 start 2026-07-14T14:06:29Z ===
=== pilot_gmr_walk1_seed2 complete 2026-07-14T14:22:49Z ===
=== pilot_snmr_walk1_seed2 start 2026-07-14T14:22:49Z ===
=== pilot_snmr_walk1_seed2 complete 2026-07-14T14:39:07Z ===
=== pilot_gmr_dance2_seed2 start 2026-07-14T14:39:07Z ===
=== pilot_gmr_dance2_seed2 complete 2026-07-14T14:55:33Z ===
=== pilot_snmr_dance2_seed2 start 2026-07-14T14:55:33Z ===
=== pilot_snmr_dance2_seed2 complete 2026-07-14T15:11:56Z ===
=== pilot_gmr_fight1_seed2 start 2026-07-14T15:11:56Z ===
=== pilot_gmr_fight1_seed2 complete 2026-07-14T15:28:14Z ===
=== pilot_snmr_fight1_seed2 start 2026-07-14T15:28:14Z ===
=== pilot_snmr_fight1_seed2 complete 2026-07-14T15:44:39Z ===
WBT pilot replication complete
